<?xml version="1.0" encoding="utf-8"?><testsuites><testsuite name="pytest" errors="0" failures="0" skipped="0" tests="6" time="25.246" timestamp="2025-12-14T02:15:04.233075+00:00" hostname="docker-desktop"><testcase classname="app.tests.integration.test_background_queue_basic.TestBackgroundQueueIntegration" name="test_task_failure_handling" time="0.011" /><testcase classname="app.tests.integration.test_background_queue_basic.TestBackgroundQueueIntegration" name="test_multiple_task_types" time="0.021" /><testcase classname="app.tests.integration.test_background_queue_basic.TestBackgroundQueueIntegration" name="test_queue_system_health_check" time="0.022" /><testcase classname="app.tests.integration.test_background_queue_basic.TestBackgroundQueueIntegration" name="test_task_priority_handling" time="0.016" /><testcase classname="app.tests.integration.test_background_queue_basic.TestBackgroundQueueIntegration" name="test_notification_task_integration" time="0.026" /><testcase classname="app.tests.integration.test_background_queue_basic.TestBackgroundQueueIntegration" name="test_task_enqueue_and_status_check" time="0.022" /></testsuite></testsuites>