<?xml version="1.0" encoding="utf-8"?><testsuites><testsuite name="pytest" errors="1" failures="0" skipped="0" tests="17" time="19.041" timestamp="2025-12-14T02:15:05.304847+00:00" hostname="docker-desktop"><testcase classname="app.tests.schemas.test_fan_schemas" name="test_fan_create_valid" time="0.010" /><testcase classname="app.tests.schemas.test_fan_schemas" name="test_fan_create_missing_required_fields" time="0.011" /><testcase classname="app.tests.schemas.test_sensor_device_schemas" name="test_sensor_device_create_missing_required_fields" time="0.013" /><testcase classname="app.tests.schemas.test_sensor_device_schemas" name="test_sensor_device_update_valid_partial" time="0.009" /><testcase classname="app.tests.schemas.test_fan_schemas" name="test_fan_update_invalid_value_constraint" time="0.018" /><testcase classname="app.tests.schemas.test_fan_schemas" name="test_fan_create_optional_fields_not_provided" time="0.021" /><testcase classname="app.tests.schemas.test_fan_schemas" name="test_fan_create_invalid_type" time="0.018" /><testcase classname="app.tests.schemas.test_sensor_device_schemas" name="test_sensor_device_create_invalid_enum_value" time="0.022" /><testcase classname="app.tests.schemas.test_sensor_device_schemas" name="test_sensor_device_update_invalid_data_range" time="0.022" /><testcase classname="app.tests.schemas.test_sensor_device_schemas" name="test_sensor_device_create_data_range_only_max" time="0.015" /><testcase classname="app.tests.schemas.test_fan_schemas" name="test_fan_create_invalid_value_constraint" time="0.011" /><testcase classname="app.tests.schemas.test_fan_schemas" name="test_fan_update_valid_partial" time="0.012" /><testcase classname="app.tests.schemas.test_sensor_device_schemas" name="test_sensor_device_create_invalid_data_range" time="0.021" /><testcase classname="app.tests.schemas.test_sensor_device_schemas" name="test_sensor_device_create_data_range_only_min" time="0.017" /><testcase classname="app.tests.schemas.test_sensor_device_schemas" name="test_sensor_device_create_valid" time="0.015" /><testcase classname="app.tests.schemas.test_sensor_device_schemas" name="test_sensor_device_create_data_range_both_none" time="0.012" /><testcase classname="pytest" name="internal" time="0.000"><error message="internal error">Traceback (most recent call last):
  File "/opt/hostedtoolcache/Python/3.13.11/x64/lib/python3.13/site-packages/_pytest/main.py", line 283, in wrap_session
    session.exitstatus = doit(config, session) or 0
                         ~~~~^^^^^^^^^^^^^^^^^
  File "/opt/hostedtoolcache/Python/3.13.11/x64/lib/python3.13/site-packages/_pytest/main.py", line 337, in _main
    config.hook.pytest_runtestloop(session=session)
    ~~~~~~~~~~~~~~~~~~~~~~~~~~~~~~^^^^^^^^^^^^^^^^^
  File "/opt/hostedtoolcache/Python/3.13.11/x64/lib/python3.13/site-packages/pluggy/_hooks.py", line 512, in __call__
    return self._hookexec(self.name, self._hookimpls.copy(), kwargs, firstresult)
           ~~~~~~~~~~~~~~^^^^^^^^^^^^^^^^^^^^^^^^^^^^^^^^^^^^^^^^^^^^^^^^^^^^^^^^
  File "/opt/hostedtoolcache/Python/3.13.11/x64/lib/python3.13/site-packages/pluggy/_manager.py", line 120, in _hookexec
    return self._inner_hookexec(hook_name, methods, kwargs, firstresult)
           ~~~~~~~~~~~~~~~~~~~~^^^^^^^^^^^^^^^^^^^^^^^^^^^^^^^^^^^^^^^^^
  File "/opt/hostedtoolcache/Python/3.13.11/x64/lib/python3.13/site-packages/pluggy/_callers.py", line 167, in _multicall
    raise exception
  File "/opt/hostedtoolcache/Python/3.13.11/x64/lib/python3.13/site-packages/pluggy/_callers.py", line 139, in _multicall
    teardown.throw(exception)
    ~~~~~~~~~~~~~~^^^^^^^^^^^
  File "/opt/hostedtoolcache/Python/3.13.11/x64/lib/python3.13/site-packages/_pytest/logging.py", line 803, in pytest_runtestloop
    return (yield)  # Run all the tests.
            ^^^^^
  File "/opt/hostedtoolcache/Python/3.13.11/x64/lib/python3.13/site-packages/pluggy/_callers.py", line 139, in _multicall
    teardown.throw(exception)
    ~~~~~~~~~~~~~~^^^^^^^^^^^
  File "/opt/hostedtoolcache/Python/3.13.11/x64/lib/python3.13/site-packages/_pytest/terminal.py", line 673, in pytest_runtestloop
    result = yield
             ^^^^^
  File "/opt/hostedtoolcache/Python/3.13.11/x64/lib/python3.13/site-packages/pluggy/_callers.py", line 152, in _multicall
    teardown.send(result)
    ~~~~~~~~~~~~~^^^^^^^^
  File "/opt/hostedtoolcache/Python/3.13.11/x64/lib/python3.13/site-packages/pluggy/_callers.py", line 43, in run_old_style_hookwrapper
    teardown.send(result)
    ~~~~~~~~~~~~~^^^^^^^^
  File "/opt/hostedtoolcache/Python/3.13.11/x64/lib/python3.13/site-packages/pytest_cov/plugin.py", line 324, in pytest_runtestloop
    self.cov_controller.finish()
    ~~~~~~~~~~~~~~~~~~~~~~~~~~^^
  File "/opt/hostedtoolcache/Python/3.13.11/x64/lib/python3.13/site-packages/pytest_cov/engine.py", line 57, in ensure_topdir_wrapper
    return meth(self, *args, **kwargs)
  File "/opt/hostedtoolcache/Python/3.13.11/x64/lib/python3.13/site-packages/pytest_cov/engine.py", line 421, in finish
    self.cov.combine()
    ~~~~~~~~~~~~~~~~^^
  File "/opt/hostedtoolcache/Python/3.13.11/x64/lib/python3.13/site-packages/coverage/control.py", line 906, in combine
    combine_parallel_data(
    ~~~~~~~~~~~~~~~~~~~~~^
        self._data,
        ^^^^^^^^^^^
    ...&lt;4 lines&gt;...
        message=self._message,
        ^^^^^^^^^^^^^^^^^^^^^^
    )
    ^
  File "/opt/hostedtoolcache/Python/3.13.11/x64/lib/python3.13/site-packages/coverage/data.py", line 162, in combine_parallel_data
    with open(f, "rb") as fobj:
         ~~~~^^^^^^^^^
FileNotFoundError: [Errno 2] No such file or directory: '/Users/eddie.rowe/Repos/vertical-farm/backend/.coverage.docker-desktop.1578.XRAXKGhx.wgw6'</error></testcase></testsuite></testsuites>